This file contains any messages produced by compilers while
running configure, to aid debugging if configure makes a mistake.

It was created by configure, which was
generated by GNU Autoconf 2.65.  Invocation command line was

  $ ./configure --prefix=/Users/joanes/Desktop/code/montepython/wrapper_wmap CC=/opt/local/bin/gcc  CXX=/opt/local/bin/gcc  CPP=/opt/local/bin/gcc -E CXXCPP=g++ -E

## --------- ##
## Platform. ##
## --------- ##

hostname = Etxekoa.local
uname -m = x86_64
uname -r = 13.0.0
uname -s = Darwin
uname -v = Darwin Kernel Version 13.0.0: Thu Sep 19 22:22:27 PDT 2013; root:xnu-2422.1.72~6/RELEASE_X86_64

/usr/bin/uname -p = i386
/bin/uname -X     = unknown

/bin/arch              = unknown
/usr/bin/arch -k       = unknown
/usr/convex/getsysinfo = unknown
/usr/bin/hostinfo      = Mach kernel version:
	 Darwin Kernel Version 13.0.0: Thu Sep 19 22:22:27 PDT 2013; root:xnu-2422.1.72~6/RELEASE_X86_64
Kernel configured for up to 4 processors.
4 processors are physically available.
4 processors are logically available.
Processor type: i486 (Intel 80486)
Processors active: 0 1 2 3
Primary memory available: 16.00 gigabytes
Default processor set: 200 tasks, 933 threads, 4 processors
Load average: 1.83, Mach factor: 2.16
/bin/machine           = unknown
/usr/bin/oslevel       = unknown
/bin/universe          = unknown

PATH: /usr/local/bin
PATH: /bin
PATH: /opt/local/bin
PATH: /usr/texbin
PATH: /sbin
PATH: /usr/bin
PATH: /System/Library/Frameworks/Python.framework/Versions/2.7/Resources/Python.app/Contents/MacOS
PATH: /opt/local/sbin
PATH: /Library/Frameworks/Python.framework/Versions/2.7/bin
PATH: /usr/sbin
PATH: /usr/local/share/python
PATH: /Users/joanes/Desktop/code/Planck/plc-1.0/bin


## ----------- ##
## Core tests. ##
## ----------- ##

configure:2093: checking for uname
configure:2109: found /usr/bin/uname
configure:2121: result: 1
configure:2231: checking for gcc
configure:2258: result: /opt/local/bin/gcc 
configure:2487: checking for C compiler version
configure:2496: /opt/local/bin/gcc  --version >&5
gcc (MacPorts gcc47 4.7.3_3) 4.7.3
Copyright (C) 2012 Free Software Foundation, Inc.
This is free software; see the source for copying conditions.  There is NO
warranty; not even for MERCHANTABILITY or FITNESS FOR A PARTICULAR PURPOSE.

configure:2507: $? = 0
configure:2496: /opt/local/bin/gcc  -v >&5
Using built-in specs.
COLLECT_GCC=/opt/local/bin/gcc
COLLECT_LTO_WRAPPER=/opt/local/libexec/gcc/x86_64-apple-darwin13/4.7.3/lto-wrapper
Target: x86_64-apple-darwin13
Configured with: /opt/local/var/macports/build/_opt_mports_dports_lang_gcc47/gcc47/work/gcc-4.7.3/configure --prefix=/opt/local --build=x86_64-apple-darwin13 --enable-languages=c,c++,objc,obj-c++,lto,fortran,java --libdir=/opt/local/lib/gcc47 --includedir=/opt/local/include/gcc47 --infodir=/opt/local/share/info --mandir=/opt/local/share/man --datarootdir=/opt/local/share/gcc-4.7 --with-libiconv-prefix=/opt/local --with-local-prefix=/opt/local --with-system-zlib --disable-nls --program-suffix=-mp-4.7 --with-gxx-include-dir=/opt/local/include/gcc47/c++/ --with-gmp=/opt/local --with-mpfr=/opt/local --with-mpc=/opt/local --with-ppl=/opt/local --with-cloog=/opt/local --enable-cloog-backend=isl --disable-cloog-version-check --enable-stage1-checking --disable-multilib --enable-lto --enable-libstdcxx-time --with-as=/opt/local/bin/as --with-ld=/opt/local/bin/ld --with-ar=/opt/local/bin/ar --with-bugurl=https://trac.macports.org/newticket --disable-ppl-version-check --with-pkgversion='MacPorts gcc47 4.7.3_3'
Thread model: posix
gcc version 4.7.3 (MacPorts gcc47 4.7.3_3) 
configure:2507: $? = 0
configure:2496: /opt/local/bin/gcc  -V >&5
gcc: error: unrecognized command line option '-V'
gcc: fatal error: no input files
compilation terminated.
configure:2507: $? = 1
configure:2496: /opt/local/bin/gcc  -qversion >&5
gcc: error: unrecognized command line option '-qversion'
gcc: fatal error: no input files
compilation terminated.
configure:2507: $? = 1
configure:2527: checking whether the C compiler works
configure:2549: /opt/local/bin/gcc     conftest.c  >&5
configure:2553: $? = 0
configure:2602: result: yes
configure:2605: checking for C compiler default output file name
configure:2607: result: a.out
configure:2613: checking for suffix of executables
configure:2620: /opt/local/bin/gcc  -o conftest    conftest.c  >&5
configure:2624: $? = 0
configure:2646: result: 
configure:2668: checking whether we are cross compiling
configure:2676: /opt/local/bin/gcc  -o conftest    conftest.c  >&5
configure:2680: $? = 0
configure:2687: ./conftest
configure:2691: $? = 0
configure:2706: result: no
configure:2711: checking for suffix of object files
configure:2733: /opt/local/bin/gcc  -c   conftest.c >&5
configure:2737: $? = 0
configure:2758: result: o
configure:2762: checking whether we are using the GNU C compiler
configure:2781: /opt/local/bin/gcc  -c   conftest.c >&5
configure:2781: $? = 0
configure:2790: result: yes
configure:2799: checking whether /opt/local/bin/gcc  accepts -g
configure:2819: /opt/local/bin/gcc  -c -g  conftest.c >&5
configure:2819: $? = 0
configure:2860: result: yes
configure:2877: checking for /opt/local/bin/gcc  option to accept ISO C89
configure:2941: /opt/local/bin/gcc   -c -g -O2  conftest.c >&5
configure:2941: $? = 0
configure:2954: result: none needed
configure:2987: checking for gfortran
configure:3003: found /usr/local/bin/gfortran
configure:3014: result: gfortran
configure:3098: checking for ranlib
configure:3114: found /opt/local/bin/ranlib
configure:3125: result: ranlib
configure:3154: checking how to run the C preprocessor
configure:3224: result: /opt/local/bin/gcc -E
configure:3244: /opt/local/bin/gcc -E  conftest.c
configure:3244: $? = 0
configure:3258: /opt/local/bin/gcc -E  conftest.c
conftest.c:9:28: fatal error: ac_nonexistent.h: No such file or directory
compilation terminated.
configure:3258: $? = 1
configure: failed program was:
| /* confdefs.h */
| #define PACKAGE_NAME ""
| #define PACKAGE_TARNAME ""
| #define PACKAGE_VERSION ""
| #define PACKAGE_STRING ""
| #define PACKAGE_BUGREPORT ""
| #define PACKAGE_URL ""
| /* end confdefs.h.  */
| #include <ac_nonexistent.h>
configure:3287: checking for grep that handles long lines and -e
configure:3345: result: /usr/bin/grep
configure:3350: checking for egrep
configure:3412: result: /usr/bin/grep -E
configure:3417: checking for ANSI C header files
configure:3437: /opt/local/bin/gcc  -c -g -O2  conftest.c >&5
configure:3437: $? = 0
configure:3510: /opt/local/bin/gcc  -o conftest -g -O2   conftest.c  >&5
configure:3510: $? = 0
configure:3510: ./conftest
configure:3510: $? = 0
configure:3521: result: yes
configure:3534: checking for sys/types.h
configure:3534: /opt/local/bin/gcc  -c -g -O2  conftest.c >&5
configure:3534: $? = 0
configure:3534: result: yes
configure:3534: checking for sys/stat.h
configure:3534: /opt/local/bin/gcc  -c -g -O2  conftest.c >&5
configure:3534: $? = 0
configure:3534: result: yes
configure:3534: checking for stdlib.h
configure:3534: /opt/local/bin/gcc  -c -g -O2  conftest.c >&5
configure:3534: $? = 0
configure:3534: result: yes
configure:3534: checking for string.h
configure:3534: /opt/local/bin/gcc  -c -g -O2  conftest.c >&5
configure:3534: $? = 0
configure:3534: result: yes
configure:3534: checking for memory.h
configure:3534: /opt/local/bin/gcc  -c -g -O2  conftest.c >&5
configure:3534: $? = 0
configure:3534: result: yes
configure:3534: checking for strings.h
configure:3534: /opt/local/bin/gcc  -c -g -O2  conftest.c >&5
configure:3534: $? = 0
configure:3534: result: yes
configure:3534: checking for inttypes.h
configure:3534: /opt/local/bin/gcc  -c -g -O2  conftest.c >&5
configure:3534: $? = 0
configure:3534: result: yes
configure:3534: checking for stdint.h
configure:3534: /opt/local/bin/gcc  -c -g -O2  conftest.c >&5
configure:3534: $? = 0
configure:3534: result: yes
configure:3534: checking for unistd.h
configure:3534: /opt/local/bin/gcc  -c -g -O2  conftest.c >&5
configure:3534: $? = 0
configure:3534: result: yes
configure:3550: checking for stdlib.h
configure:3550: result: yes
configure:3550: checking for string.h
configure:3550: result: yes
configure:3550: checking math.h usability
configure:3550: /opt/local/bin/gcc  -c -g -O2  conftest.c >&5
configure:3550: $? = 0
configure:3550: result: yes
configure:3550: checking math.h presence
configure:3550: /opt/local/bin/gcc -E  conftest.c
configure:3550: $? = 0
configure:3550: result: yes
configure:3550: checking for math.h
configure:3550: result: yes
configure:3550: checking limits.h usability
configure:3550: /opt/local/bin/gcc  -c -g -O2  conftest.c >&5
configure:3550: $? = 0
configure:3550: result: yes
configure:3550: checking limits.h presence
configure:3550: /opt/local/bin/gcc -E  conftest.c
configure:3550: $? = 0
configure:3550: result: yes
configure:3550: checking for limits.h
configure:3550: result: yes
configure:3574: /opt/local/bin/gcc  -c -g -O2  conftest.c >&5
configure:3574: $? = 0
configure:3612: checking whether /opt/local/bin/gcc  accepts -arch i386 -arch x86_64
configure:3631: /opt/local/bin/gcc  -c -g -O2 -arch i386 -arch x86_64  conftest.c >&5
/var/tmp//ccLJ3OoL.s:38:FATAL:Bad fx_size (0x8) in fix_to_relocation_info()

configure:3631: $? = 1
configure: failed program was:
| /* confdefs.h */
| #define PACKAGE_NAME ""
| #define PACKAGE_TARNAME ""
| #define PACKAGE_VERSION ""
| #define PACKAGE_STRING ""
| #define PACKAGE_BUGREPORT ""
| #define PACKAGE_URL ""
| #define STDC_HEADERS 1
| #define HAVE_SYS_TYPES_H 1
| #define HAVE_SYS_STAT_H 1
| #define HAVE_STDLIB_H 1
| #define HAVE_STRING_H 1
| #define HAVE_MEMORY_H 1
| #define HAVE_STRINGS_H 1
| #define HAVE_INTTYPES_H 1
| #define HAVE_STDINT_H 1
| #define HAVE_UNISTD_H 1
| #define HAVE_STDLIB_H 1
| #define HAVE_STRING_H 1
| #define HAVE_MATH_H 1
| #define HAVE_LIMITS_H 1
| /* end confdefs.h.  */
| 
| int
| main ()
| {
| 
|   ;
|   return 0;
| }
configure:3637: result: no
configure:3875: checking "whether ftruncate works"
configure:3891: /opt/local/bin/gcc  -o conftest -g -O2  -Dg77Fortran -fPIC -fno-common   conftest.c  >&5
configure:3891: $? = 0
configure:3895: result: "yes"
configure:3909: checking "whether long long is defined"
configure:3925: /opt/local/bin/gcc  -c -g -O2  -Dg77Fortran -fPIC -fno-common  conftest.c >&5
configure:3925: $? = 0
configure:3929: result: "yes"
configure:3950: checking "whether system V style IPC services are supported"
configure:3971: /opt/local/bin/gcc  -o conftest -g -O2  -Dg77Fortran -fPIC -fno-common   conftest.c  >&5
configure:3971: $? = 0
configure:3976: result: "yes"
configure:3992: checking "do we have flock_t defined in sys/fcntl.h"
configure:4008: /opt/local/bin/gcc  -c -g -O2  -Dg77Fortran -fPIC -fno-common  conftest.c >&5
conftest.c: In function 'main':
conftest.c:34:1: error: unknown type name 'flock_t'
configure:4008: $? = 1
configure: failed program was:
| /* confdefs.h */
| #define PACKAGE_NAME ""
| #define PACKAGE_TARNAME ""
| #define PACKAGE_VERSION ""
| #define PACKAGE_STRING ""
| #define PACKAGE_BUGREPORT ""
| #define PACKAGE_URL ""
| #define STDC_HEADERS 1
| #define HAVE_SYS_TYPES_H 1
| #define HAVE_SYS_STAT_H 1
| #define HAVE_STDLIB_H 1
| #define HAVE_STRING_H 1
| #define HAVE_MEMORY_H 1
| #define HAVE_STRINGS_H 1
| #define HAVE_INTTYPES_H 1
| #define HAVE_STDINT_H 1
| #define HAVE_UNISTD_H 1
| #define HAVE_STDLIB_H 1
| #define HAVE_STRING_H 1
| #define HAVE_MATH_H 1
| #define HAVE_LIMITS_H 1
| #define _LARGEFILE_SOURCE 1
| #define _FILE_OFFSET_BITS 64
| #define HAVE_FTRUNCATE 1
| #define HAVE_LONGLONG 1
| #define HAVE_SHMEM_SERVICES 1
| /* end confdefs.h.  */
| #include <sys/fcntl.h>
| 
| int
| main ()
| {
| 
| flock_t filler;
| 
|   ;
|   return 0;
| }
configure:4016: result: "no"
configure:4022: checking "do we have flock_t defined in sys/flock.h"
configure:4038: /opt/local/bin/gcc  -c -g -O2  -Dg77Fortran -fPIC -fno-common  conftest.c >&5
conftest.c:28:23: fatal error: sys/flock.h: No such file or directory
compilation terminated.
configure:4038: $? = 1
configure: failed program was:
| /* confdefs.h */
| #define PACKAGE_NAME ""
| #define PACKAGE_TARNAME ""
| #define PACKAGE_VERSION ""
| #define PACKAGE_STRING ""
| #define PACKAGE_BUGREPORT ""
| #define PACKAGE_URL ""
| #define STDC_HEADERS 1
| #define HAVE_SYS_TYPES_H 1
| #define HAVE_SYS_STAT_H 1
| #define HAVE_STDLIB_H 1
| #define HAVE_STRING_H 1
| #define HAVE_MEMORY_H 1
| #define HAVE_STRINGS_H 1
| #define HAVE_INTTYPES_H 1
| #define HAVE_STDINT_H 1
| #define HAVE_UNISTD_H 1
| #define HAVE_STDLIB_H 1
| #define HAVE_STRING_H 1
| #define HAVE_MATH_H 1
| #define HAVE_LIMITS_H 1
| #define _LARGEFILE_SOURCE 1
| #define _FILE_OFFSET_BITS 64
| #define HAVE_FTRUNCATE 1
| #define HAVE_LONGLONG 1
| #define HAVE_SHMEM_SERVICES 1
| /* end confdefs.h.  */
| #include <sys/flock.h>
| 
| int
| main ()
| {
| 
|    flock_t filler;
| 
|   ;
|   return 0;
| }
configure:4046: result: "no"
configure:4057: checking "do we have union semun defined"
configure:4075: /opt/local/bin/gcc  -c -g -O2  -Dg77Fortran -fPIC -fno-common  conftest.c >&5
configure:4075: $? = 0
configure:4079: result: "yes"
configure:4091: checking for library containing gethostbyname
configure:4122: /opt/local/bin/gcc  -o conftest -g -O2  -Dg77Fortran -fPIC -fno-common   conftest.c  >&5
configure:4122: $? = 0
configure:4139: result: none required
configure:4149: checking for library containing connect
configure:4180: /opt/local/bin/gcc  -o conftest -g -O2  -Dg77Fortran -fPIC -fno-common   conftest.c  >&5
configure:4180: $? = 0
configure:4197: result: none required
configure:4405: creating ./config.status

## ---------------------- ##
## Running config.status. ##
## ---------------------- ##

This file was extended by config.status, which was
generated by GNU Autoconf 2.65.  Invocation command line was

  CONFIG_FILES    = 
  CONFIG_HEADERS  = 
  CONFIG_LINKS    = 
  CONFIG_COMMANDS = 
  $ ./config.status 

on Etxekoa.local

config.status:738: creating Makefile
configure:5544: creating ./config.status

## ---------------------- ##
## Running config.status. ##
## ---------------------- ##

This file was extended by config.status, which was
generated by GNU Autoconf 2.65.  Invocation command line was

  CONFIG_FILES    = 
  CONFIG_HEADERS  = 
  CONFIG_LINKS    = 
  CONFIG_COMMANDS = 
  $ ./config.status 

on Etxekoa.local

config.status:739: creating Makefile
config.status:739: creating cfitsio.pc
configure:6546: result: 
configure:6548: result:     Congratulations, Makefile update was successful.
configure:6550: result:     You may want to run "make" now.
configure:6552: result: 

## ---------------- ##
## Cache variables. ##
## ---------------- ##

ac_cv_c_compiler_gnu=yes
ac_cv_env_CC_set=set
ac_cv_env_CC_value='/opt/local/bin/gcc '
ac_cv_env_CFLAGS_set=
ac_cv_env_CFLAGS_value=
ac_cv_env_CPPFLAGS_set=
ac_cv_env_CPPFLAGS_value=
ac_cv_env_CPP_set=set
ac_cv_env_CPP_value='/opt/local/bin/gcc -E'
ac_cv_env_LDFLAGS_set=
ac_cv_env_LDFLAGS_value=
ac_cv_env_LIBS_set=
ac_cv_env_LIBS_value=
ac_cv_env_build_alias_set=
ac_cv_env_build_alias_value=
ac_cv_env_host_alias_set=
ac_cv_env_host_alias_value=
ac_cv_env_target_alias_set=
ac_cv_env_target_alias_value=
ac_cv_header_inttypes_h=yes
ac_cv_header_limits_h=yes
ac_cv_header_math_h=yes
ac_cv_header_memory_h=yes
ac_cv_header_stdc=yes
ac_cv_header_stdint_h=yes
ac_cv_header_stdlib_h=yes
ac_cv_header_string_h=yes
ac_cv_header_strings_h=yes
ac_cv_header_sys_stat_h=yes
ac_cv_header_sys_types_h=yes
ac_cv_header_unistd_h=yes
ac_cv_objext=o
ac_cv_path_EGREP='/usr/bin/grep -E'
ac_cv_path_GREP=/usr/bin/grep
ac_cv_prog_CPP='/opt/local/bin/gcc -E'
ac_cv_prog_FC=gfortran
ac_cv_prog_ac_ct_CC='/opt/local/bin/gcc '
ac_cv_prog_ac_ct_RANLIB=ranlib
ac_cv_prog_cc_c89=
ac_cv_prog_cc_g=yes
ac_cv_prog_uname_found=1
ac_cv_search_connect='none required'
ac_cv_search_gethostbyname='none required'

## ----------------- ##
## Output variables. ##
## ----------------- ##

ARCH='i386'
CC='/opt/local/bin/gcc '
CFLAGS='-g -O2  -Dg77Fortran -fPIC -fno-common'
CPP='/opt/local/bin/gcc -E'
CPPFLAGS=''
DEFS='-DPACKAGE_NAME=\"\" -DPACKAGE_TARNAME=\"\" -DPACKAGE_VERSION=\"\" -DPACKAGE_STRING=\"\" -DPACKAGE_BUGREPORT=\"\" -DPACKAGE_URL=\"\" -DSTDC_HEADERS=1 -DHAVE_SYS_TYPES_H=1 -DHAVE_SYS_STAT_H=1 -DHAVE_STDLIB_H=1 -DHAVE_STRING_H=1 -DHAVE_MEMORY_H=1 -DHAVE_STRINGS_H=1 -DHAVE_INTTYPES_H=1 -DHAVE_STDINT_H=1 -DHAVE_UNISTD_H=1 -DHAVE_STDLIB_H=1 -DHAVE_STRING_H=1 -DHAVE_MATH_H=1 -DHAVE_LIMITS_H=1 -D_LARGEFILE_SOURCE=1 -D_FILE_OFFSET_BITS=64 -DHAVE_FTRUNCATE=1 -DHAVE_LONGLONG=1 -DHAVE_SHMEM_SERVICES=1 -DHAVE_UNION_SEMUN=1 -DHAVE_NET_SERVICES=1'
ECHO_C='\c'
ECHO_N=''
ECHO_T=''
EGREP='/usr/bin/grep -E'
EXEEXT=''
F77_WRAPPERS='${FITSIO_SRC}'
FC='gfortran'
GCCVERSION='4.7.3'
GREP='/usr/bin/grep'
INSTALL_ROOT='${prefix}'
LDFLAGS=''
LIBOBJS=''
LIBPRE=''
LIBS=''
LTLIBOBJS=''
OBJEXT='o'
PACKAGE_BUGREPORT=''
PACKAGE_NAME=''
PACKAGE_STRING=''
PACKAGE_TARNAME=''
PACKAGE_URL=''
PACKAGE_VERSION=''
PATH_SEPARATOR=':'
RANLIB='ranlib'
SHELL='/bin/sh'
SHLIB_LD='/opt/local/bin/gcc  -dynamiclib '
SHLIB_SUFFIX='.dylib'
ac_ct_CC='/opt/local/bin/gcc '
bindir='${exec_prefix}/bin'
build_alias=''
datadir='${datarootdir}'
datarootdir='${prefix}/share'
docdir='${datarootdir}/doc/${PACKAGE}'
dvidir='${docdir}'
exec_prefix='${prefix}'
host_alias=''
htmldir='${docdir}'
includedir='${prefix}/include'
infodir='${datarootdir}/info'
libdir='${exec_prefix}/lib'
libexecdir='${exec_prefix}/libexec'
localedir='${datarootdir}/locale'
localstatedir='${prefix}/var'
mandir='${datarootdir}/man'
my_shmem='${SOURCES_SHMEM}'
oldincludedir='/usr/include'
pdfdir='${docdir}'
prefix='/Users/joanes/Desktop/code/montepython/wrapper_wmap'
program_transform_name='s,x,x,'
psdir='${docdir}'
sbindir='${exec_prefix}/sbin'
sharedstatedir='${prefix}/com'
sysconfdir='${prefix}/etc'
target_alias=''
uname_found='1'

## ----------- ##
## confdefs.h. ##
## ----------- ##

/* confdefs.h */
#define PACKAGE_NAME ""
#define PACKAGE_TARNAME ""
#define PACKAGE_VERSION ""
#define PACKAGE_STRING ""
#define PACKAGE_BUGREPORT ""
#define PACKAGE_URL ""
#define STDC_HEADERS 1
#define HAVE_SYS_TYPES_H 1
#define HAVE_SYS_STAT_H 1
#define HAVE_STDLIB_H 1
#define HAVE_STRING_H 1
#define HAVE_MEMORY_H 1
#define HAVE_STRINGS_H 1
#define HAVE_INTTYPES_H 1
#define HAVE_STDINT_H 1
#define HAVE_UNISTD_H 1
#define HAVE_STDLIB_H 1
#define HAVE_STRING_H 1
#define HAVE_MATH_H 1
#define HAVE_LIMITS_H 1
#define _LARGEFILE_SOURCE 1
#define _FILE_OFFSET_BITS 64
#define HAVE_FTRUNCATE 1
#define HAVE_LONGLONG 1
#define HAVE_SHMEM_SERVICES 1
#define HAVE_UNION_SEMUN 1
#define HAVE_NET_SERVICES 1

configure: exit 0
